#! /opt/local/bin/vvp
:ivl_version "13.0 (devel)" "(s20250103)";
:ivl_delay_selection "TYPICAL";
:vpi_time_precision - 12;
:vpi_module "/opt/local/lib/ivl/system.vpi";
:vpi_module "/opt/local/lib/ivl/vhdl_sys.vpi";
:vpi_module "/opt/local/lib/ivl/vhdl_textio.vpi";
:vpi_module "/opt/local/lib/ivl/v2005_math.vpi";
:vpi_module "/opt/local/lib/ivl/va_math.vpi";
S_0x104a38980 .scope module, "lms_parallel_pipeline_tb" "lms_parallel_pipeline_tb" 2 22;
 .timescale -9 -12;
P_0x104a38b00 .param/l "DATA_W" 1 2 28, +C4<00000000000000000000000000100000>;
P_0x104a38b40 .param/real "FS" 1 2 34, Cr<m4e20000000000000gfcf>; value=10000.0
P_0x104a38b80 .param/l "MU_SHIFT" 1 2 30, +C4<00000000000000000000000000001011>;
P_0x104a38bc0 .param/l "N_SAMPLES" 1 2 39, +C4<00000000000000000010011100010000>;
P_0x104a38c00 .param/l "N_TAPS" 1 2 29, +C4<00000000000000000000000001000000>;
P_0x104a38c40 .param/real "PI" 1 2 37, Cr<m6487ed5110b44400gfc3>; value=3.14159
P_0x104a38c80 .param/real "Q16" 1 2 32, Cr<m4000000000000000gfd2>; value=65536.0
P_0x104a38cc0 .param/real "TS" 1 2 35, Cr<m68db8bac710cb400gfb4>; value=0.000100000
v0xba2cb0820_0 .var/real "clean_signal", 0 0;
v0xba2cb08c0_0 .var "clk", 0 0;
v0xba2cb0960_0 .var/real "corr_accum_1", 0 0;
v0xba2cb0a00_0 .var/real "corr_accum_2", 0 0;
v0xba2cb0aa0_0 .var/real "corr_accum_3", 0 0;
v0xba2cb0b40_0 .var/real "corr_val", 0 0;
v0xba2cb0be0_0 .var/s "d_in", 31 0;
v0xba2cb0c80_0 .net/s "e_out", 31 0, v0x104a45ce0_0;  1 drivers
v0xba2cb0d20_0 .var/real "error_real", 0 0;
v0xba2cb0dc0_0 .var/i "fd", 31 0;
v0xba2cb0e60_0 .var/real "mse", 0 0;
v0xba2cb0f00_0 .var/i "n", 31 0;
v0xba2cb0fa0_0 .var/real "noise_power", 0 0;
v0xba2cb1040_0 .var/real "noise_signal", 0 0;
v0xba2cb10e0_0 .var/real "noisy_signal", 0 0;
v0xba2cb1180_0 .var/real "peak_error", 0 0;
v0xba2cb1220_0 .var/real "rms_error", 0 0;
v0xba2cb12c0_0 .var "rst_n", 0 0;
v0xba2cb1360_0 .var/real "signal_power", 0 0;
v0xba2cb1400_0 .var/real "snr_out", 0 0;
v0xba2cb14a0_0 .var/real "t", 0 0;
v0xba2cb1540_0 .net "valid", 0 0, v0xba2cb0140_0;  1 drivers
v0xba2cb15e0_0 .var/s "x_in", 31 0;
v0xba2cb1680_0 .net/s "y_out", 31 0, v0xba2cb0460_0;  1 drivers
S_0x104a46c90 .scope module, "DUT" "lms_parallel_pipeline" 2 65, 3 4 0, S_0x104a38980;
 .timescale -9 -12;
    .port_info 0 /INPUT 1 "clk";
    .port_info 1 /INPUT 1 "rst_n";
    .port_info 2 /INPUT 32 "x_in";
    .port_info 3 /INPUT 32 "d_in";
    .port_info 4 /OUTPUT 32 "y_out";
    .port_info 5 /OUTPUT 32 "e_out";
    .port_info 6 /OUTPUT 1 "valid";
P_0x104a41590 .param/l "DATA_W" 0 3 6, +C4<00000000000000000000000000100000>;
P_0x104a415d0 .param/l "MU_SHIFT" 0 3 7, +C4<00000000000000000000000000001011>;
P_0x104a41610 .param/l "N_TAPS" 0 3 5, +C4<00000000000000000000000001000000>;
v0x104a45a70_0 .net "clk", 0 0, v0xba2cb08c0_0;  1 drivers
v0x104a45b10_0 .net/s "d_in", 31 0, v0xba2cb0be0_0;  1 drivers
v0x104a45ce0_0 .var/s "e_out", 31 0;
v0x104a45eb0_0 .var/s "e_r", 31 0;
v0x104a46080_0 .var/s "final_sum_r", 63 0;
v0x104a46e10_0 .var/i "i", 31 0;
v0x104a46eb0 .array/s "mult_r", 63 0, 63 0;
v0x104a46f50_0 .net "rst_n", 0 0, v0xba2cb12c0_0;  1 drivers
v0x104a48170 .array/s "sum_l1", 31 0, 63 0;
v0x104a48210 .array/s "sum_l2", 15 0, 63 0;
v0x104a482b0 .array/s "sum_l3", 7 0, 63 0;
v0xba2cb0000 .array/s "sum_l4", 3 0, 63 0;
v0xba2cb00a0 .array/s "sum_l5", 1 0, 63 0;
v0xba2cb0140_0 .var "valid", 0 0;
v0xba2cb01e0 .array/s "w", 63 0, 31 0;
v0xba2cb0280 .array/s "wu_r", 63 0, 63 0;
v0xba2cb0320 .array/s "x_buf", 63 0, 31 0;
v0xba2cb03c0_0 .net/s "x_in", 31 0, v0xba2cb15e0_0;  1 drivers
v0xba2cb0460_0 .var/s "y_out", 31 0;
v0xba2cb0500_0 .var/s "y_r", 31 0;
E_0xba2c67e80/0 .event negedge, v0x104a46f50_0;
E_0xba2c67e80/1 .event posedge, v0x104a45a70_0;
E_0xba2c67e80 .event/or E_0xba2c67e80/0, E_0xba2c67e80/1;
E_0xba2c67ec0 .event posedge, v0x104a45a70_0;
S_0x104a48450 .scope function.real, "q16_to_real" "q16_to_real" 2 96, 2 96 0, S_0x104a38980;
 .timescale -9 -12;
; Variable q16_to_real is REAL return value of scope S_0x104a48450
v0xba2cb0640_0 .var/s "val", 31 0;
TD_lms_parallel_pipeline_tb.q16_to_real ;
    %vpi_func/r 2 101 "$itor", v0xba2cb0640_0 {0 0 0};
    %pushi/real 1073741824, 4082; load=65536.0
    %div/wr;
    %ret/real 0; Assign to q16_to_real
    %end;
S_0x104a4a270 .scope function.vec4.u32, "real_to_q16" "real_to_q16" 2 86, 2 86 0, S_0x104a38980;
 .timescale -9 -12;
; Variable real_to_q16 is vec4 return value of scope S_0x104a4a270
v0xba2cb0780_0 .var/real "val", 0 0;
TD_lms_parallel_pipeline_tb.real_to_q16 ;
    %load/real v0xba2cb0780_0;
    %pushi/real 1073741824, 4082; load=65536.0
    %mul/wr;
    %vpi_func 2 91 "$rtoi" 32, W<0,r> {0 1 0};
    %ret/vec4 0, 0, 32;  Assign to real_to_q16 (store_vec4_to_lval)
    %end;
    .scope S_0x104a46c90;
T_2 ;
    %wait E_0xba2c67e80;
    %load/vec4 v0x104a46f50_0;
    %nor/r;
    %flag_set/vec4 8;
    %jmp/0xz  T_2.0, 8;
    %pushi/vec4 0, 0, 32;
    %store/vec4 v0x104a46e10_0, 0, 32;
T_2.2 ; Top of for-loop
    %load/vec4 v0x104a46e10_0;
    %cmpi/s 64, 0, 32;
	  %jmp/0xz T_2.3, 5;
    %pushi/vec4 0, 0, 32;
    %ix/getv/s 3, v0x104a46e10_0;
    %ix/load 4, 0, 0; Constant delay
    %assign/vec4/a/d v0xba2cb0320, 0, 4;
T_2.4 ; for-loop step statement
    %load/vec4 v0x104a46e10_0;
    %addi 1, 0, 32;
    %store/vec4 v0x104a46e10_0, 0, 32;
    %jmp T_2.2;
T_2.3 ; for-loop exit label
    %jmp T_2.1;
T_2.0 ;
    %load/vec4 v0xba2cb03c0_0;
    %ix/load 3, 0, 0;
    %flag_set/imm 4, 0;
    %ix/load 4, 0, 0; Constant delay
    %assign/vec4/a/d v0xba2cb0320, 0, 4;
    %pushi/vec4 1, 0, 32;
    %store/vec4 v0x104a46e10_0, 0, 32;
T_2.5 ; Top of for-loop
    %load/vec4 v0x104a46e10_0;
    %cmpi/s 64, 0, 32;
	  %jmp/0xz T_2.6, 5;
    %load/vec4 v0x104a46e10_0;
    %subi 1, 0, 32;
    %ix/vec4/s 4;
    %load/vec4a v0xba2cb0320, 4;
    %ix/getv/s 3, v0x104a46e10_0;
    %ix/load 4, 0, 0; Constant delay
    %assign/vec4/a/d v0xba2cb0320, 0, 4;
T_2.7 ; for-loop step statement
    %load/vec4 v0x104a46e10_0;
    %addi 1, 0, 32;
    %store/vec4 v0x104a46e10_0, 0, 32;
    %jmp T_2.5;
T_2.6 ; for-loop exit label
T_2.1 ;
    %jmp T_2;
    .thread T_2;
    .scope S_0x104a46c90;
T_3 ;
    %wait E_0xba2c67ec0;
    %pushi/vec4 0, 0, 32;
    %store/vec4 v0x104a46e10_0, 0, 32;
T_3.0 ; Top of for-loop
    %load/vec4 v0x104a46e10_0;
    %cmpi/s 64, 0, 32;
	  %jmp/0xz T_3.1, 5;
    %ix/getv/s 4, v0x104a46e10_0;
    %load/vec4a v0xba2cb01e0, 4;
    %pad/s 64;
    %ix/getv/s 4, v0x104a46e10_0;
    %load/vec4a v0xba2cb0320, 4;
    %pad/s 64;
    %mul;
    %ix/getv/s 3, v0x104a46e10_0;
    %ix/load 4, 0, 0; Constant delay
    %assign/vec4/a/d v0x104a46eb0, 0, 4;
T_3.2 ; for-loop step statement
    %load/vec4 v0x104a46e10_0;
    %addi 1, 0, 32;
    %store/vec4 v0x104a46e10_0, 0, 32;
    %jmp T_3.0;
T_3.1 ; for-loop exit label
    %jmp T_3;
    .thread T_3;
    .scope S_0x104a46c90;
T_4 ;
    %wait E_0xba2c67ec0;
    %pushi/vec4 0, 0, 32;
    %store/vec4 v0x104a46e10_0, 0, 32;
T_4.0 ; Top of for-loop
    %load/vec4 v0x104a46e10_0;
    %cmpi/s 32, 0, 32;
	  %jmp/0xz T_4.1, 5;
    %load/vec4 v0x104a46e10_0;
    %muli 2, 0, 32;
    %ix/vec4/s 4;
    %load/vec4a v0x104a46eb0, 4;
    %load/vec4 v0x104a46e10_0;
    %muli 2, 0, 32;
    %addi 1, 0, 32;
    %ix/vec4/s 4;
    %load/vec4a v0x104a46eb0, 4;
    %add;
    %ix/getv/s 3, v0x104a46e10_0;
    %ix/load 4, 0, 0; Constant delay
    %assign/vec4/a/d v0x104a48170, 0, 4;
T_4.2 ; for-loop step statement
    %load/vec4 v0x104a46e10_0;
    %addi 1, 0, 32;
    %store/vec4 v0x104a46e10_0, 0, 32;
    %jmp T_4.0;
T_4.1 ; for-loop exit label
    %jmp T_4;
    .thread T_4;
    .scope S_0x104a46c90;
T_5 ;
    %wait E_0xba2c67ec0;
    %pushi/vec4 0, 0, 32;
    %store/vec4 v0x104a46e10_0, 0, 32;
T_5.0 ; Top of for-loop
    %load/vec4 v0x104a46e10_0;
    %cmpi/s 16, 0, 32;
	  %jmp/0xz T_5.1, 5;
    %load/vec4 v0x104a46e10_0;
    %muli 2, 0, 32;
    %ix/vec4/s 4;
    %load/vec4a v0x104a48170, 4;
    %load/vec4 v0x104a46e10_0;
    %muli 2, 0, 32;
    %addi 1, 0, 32;
    %ix/vec4/s 4;
    %load/vec4a v0x104a48170, 4;
    %add;
    %ix/getv/s 3, v0x104a46e10_0;
    %ix/load 4, 0, 0; Constant delay
    %assign/vec4/a/d v0x104a48210, 0, 4;
T_5.2 ; for-loop step statement
    %load/vec4 v0x104a46e10_0;
    %addi 1, 0, 32;
    %store/vec4 v0x104a46e10_0, 0, 32;
    %jmp T_5.0;
T_5.1 ; for-loop exit label
    %jmp T_5;
    .thread T_5;
    .scope S_0x104a46c90;
T_6 ;
    %wait E_0xba2c67ec0;
    %pushi/vec4 0, 0, 32;
    %store/vec4 v0x104a46e10_0, 0, 32;
T_6.0 ; Top of for-loop
    %load/vec4 v0x104a46e10_0;
    %cmpi/s 8, 0, 32;
	  %jmp/0xz T_6.1, 5;
    %load/vec4 v0x104a46e10_0;
    %muli 2, 0, 32;
    %ix/vec4/s 4;
    %load/vec4a v0x104a48210, 4;
    %load/vec4 v0x104a46e10_0;
    %muli 2, 0, 32;
    %addi 1, 0, 32;
    %ix/vec4/s 4;
    %load/vec4a v0x104a48210, 4;
    %add;
    %ix/getv/s 3, v0x104a46e10_0;
    %ix/load 4, 0, 0; Constant delay
    %assign/vec4/a/d v0x104a482b0, 0, 4;
T_6.2 ; for-loop step statement
    %load/vec4 v0x104a46e10_0;
    %addi 1, 0, 32;
    %store/vec4 v0x104a46e10_0, 0, 32;
    %jmp T_6.0;
T_6.1 ; for-loop exit label
    %jmp T_6;
    .thread T_6;
    .scope S_0x104a46c90;
T_7 ;
    %wait E_0xba2c67ec0;
    %pushi/vec4 0, 0, 32;
    %store/vec4 v0x104a46e10_0, 0, 32;
T_7.0 ; Top of for-loop
    %load/vec4 v0x104a46e10_0;
    %cmpi/s 4, 0, 32;
	  %jmp/0xz T_7.1, 5;
    %load/vec4 v0x104a46e10_0;
    %muli 2, 0, 32;
    %ix/vec4/s 4;
    %load/vec4a v0x104a482b0, 4;
    %load/vec4 v0x104a46e10_0;
    %muli 2, 0, 32;
    %addi 1, 0, 32;
    %ix/vec4/s 4;
    %load/vec4a v0x104a482b0, 4;
    %add;
    %ix/getv/s 3, v0x104a46e10_0;
    %ix/load 4, 0, 0; Constant delay
    %assign/vec4/a/d v0xba2cb0000, 0, 4;
T_7.2 ; for-loop step statement
    %load/vec4 v0x104a46e10_0;
    %addi 1, 0, 32;
    %store/vec4 v0x104a46e10_0, 0, 32;
    %jmp T_7.0;
T_7.1 ; for-loop exit label
    %jmp T_7;
    .thread T_7;
    .scope S_0x104a46c90;
T_8 ;
    %wait E_0xba2c67ec0;
    %pushi/vec4 0, 0, 32;
    %store/vec4 v0x104a46e10_0, 0, 32;
T_8.0 ; Top of for-loop
    %load/vec4 v0x104a46e10_0;
    %cmpi/s 2, 0, 32;
	  %jmp/0xz T_8.1, 5;
    %load/vec4 v0x104a46e10_0;
    %muli 2, 0, 32;
    %ix/vec4/s 4;
    %load/vec4a v0xba2cb0000, 4;
    %load/vec4 v0x104a46e10_0;
    %muli 2, 0, 32;
    %addi 1, 0, 32;
    %ix/vec4/s 4;
    %load/vec4a v0xba2cb0000, 4;
    %add;
    %ix/getv/s 3, v0x104a46e10_0;
    %ix/load 4, 0, 0; Constant delay
    %assign/vec4/a/d v0xba2cb00a0, 0, 4;
T_8.2 ; for-loop step statement
    %load/vec4 v0x104a46e10_0;
    %addi 1, 0, 32;
    %store/vec4 v0x104a46e10_0, 0, 32;
    %jmp T_8.0;
T_8.1 ; for-loop exit label
    %jmp T_8;
    .thread T_8;
    .scope S_0x104a46c90;
T_9 ;
    %wait E_0xba2c67ec0;
    %ix/load 4, 0, 0;
    %flag_set/imm 4, 0;
    %load/vec4a v0xba2cb00a0, 4;
    %ix/load 4, 1, 0;
    %flag_set/imm 4, 0;
    %load/vec4a v0xba2cb00a0, 4;
    %add;
    %assign/vec4 v0x104a46080_0, 0;
    %jmp T_9;
    .thread T_9;
    .scope S_0x104a46c90;
T_10 ;
    %wait E_0xba2c67ec0;
    %load/vec4 v0x104a46080_0;
    %parti/s 32, 16, 6;
    %assign/vec4 v0xba2cb0500_0, 0;
    %load/vec4 v0x104a45b10_0;
    %load/vec4 v0x104a46080_0;
    %parti/s 32, 16, 6;
    %sub;
    %assign/vec4 v0x104a45eb0_0, 0;
    %jmp T_10;
    .thread T_10;
    .scope S_0x104a46c90;
T_11 ;
    %wait E_0xba2c67ec0;
    %pushi/vec4 0, 0, 32;
    %store/vec4 v0x104a46e10_0, 0, 32;
T_11.0 ; Top of for-loop
    %load/vec4 v0x104a46e10_0;
    %cmpi/s 64, 0, 32;
	  %jmp/0xz T_11.1, 5;
    %load/vec4 v0x104a45eb0_0;
    %pad/s 64;
    %ix/getv/s 4, v0x104a46e10_0;
    %load/vec4a v0xba2cb0320, 4;
    %pad/s 64;
    %mul;
    %ix/getv/s 3, v0x104a46e10_0;
    %ix/load 4, 0, 0; Constant delay
    %assign/vec4/a/d v0xba2cb0280, 0, 4;
T_11.2 ; for-loop step statement
    %load/vec4 v0x104a46e10_0;
    %addi 1, 0, 32;
    %store/vec4 v0x104a46e10_0, 0, 32;
    %jmp T_11.0;
T_11.1 ; for-loop exit label
    %jmp T_11;
    .thread T_11;
    .scope S_0x104a46c90;
T_12 ;
    %wait E_0xba2c67e80;
    %load/vec4 v0x104a46f50_0;
    %nor/r;
    %flag_set/vec4 8;
    %jmp/0xz  T_12.0, 8;
    %pushi/vec4 0, 0, 32;
    %store/vec4 v0x104a46e10_0, 0, 32;
T_12.2 ; Top of for-loop
    %load/vec4 v0x104a46e10_0;
    %cmpi/s 64, 0, 32;
	  %jmp/0xz T_12.3, 5;
    %pushi/vec4 0, 0, 32;
    %ix/getv/s 3, v0x104a46e10_0;
    %ix/load 4, 0, 0; Constant delay
    %assign/vec4/a/d v0xba2cb01e0, 0, 4;
T_12.4 ; for-loop step statement
    %load/vec4 v0x104a46e10_0;
    %addi 1, 0, 32;
    %store/vec4 v0x104a46e10_0, 0, 32;
    %jmp T_12.2;
T_12.3 ; for-loop exit label
    %pushi/vec4 0, 0, 32;
    %assign/vec4 v0xba2cb0460_0, 0;
    %pushi/vec4 0, 0, 32;
    %assign/vec4 v0x104a45ce0_0, 0;
    %pushi/vec4 0, 0, 1;
    %assign/vec4 v0xba2cb0140_0, 0;
    %jmp T_12.1;
T_12.0 ;
    %pushi/vec4 0, 0, 32;
    %store/vec4 v0x104a46e10_0, 0, 32;
T_12.5 ; Top of for-loop
    %load/vec4 v0x104a46e10_0;
    %cmpi/s 64, 0, 32;
	  %jmp/0xz T_12.6, 5;
    %ix/getv/s 4, v0x104a46e10_0;
    %load/vec4a v0xba2cb01e0, 4;
    %pad/s 64;
    %ix/getv/s 4, v0x104a46e10_0;
    %load/vec4a v0xba2cb0280, 4;
    %ix/load 4, 27, 0;
    %flag_set/imm 4, 0;
    %shiftr/s 4;
    %add;
    %pad/s 32;
    %ix/getv/s 3, v0x104a46e10_0;
    %ix/load 4, 0, 0; Constant delay
    %assign/vec4/a/d v0xba2cb01e0, 0, 4;
T_12.7 ; for-loop step statement
    %load/vec4 v0x104a46e10_0;
    %addi 1, 0, 32;
    %store/vec4 v0x104a46e10_0, 0, 32;
    %jmp T_12.5;
T_12.6 ; for-loop exit label
    %load/vec4 v0xba2cb0500_0;
    %assign/vec4 v0xba2cb0460_0, 0;
    %load/vec4 v0x104a45eb0_0;
    %assign/vec4 v0x104a45ce0_0, 0;
    %pushi/vec4 1, 0, 1;
    %assign/vec4 v0xba2cb0140_0, 0;
T_12.1 ;
    %jmp T_12;
    .thread T_12;
    .scope S_0x104a38980;
T_13 ;
    %delay 10000, 0;
    %load/vec4 v0xba2cb08c0_0;
    %inv;
    %store/vec4 v0xba2cb08c0_0, 0, 1;
    %jmp T_13;
    .thread T_13;
    .scope S_0x104a38980;
T_14 ;
    %pushi/vec4 0, 0, 1;
    %store/vec4 v0xba2cb08c0_0, 0, 1;
    %pushi/vec4 0, 0, 1;
    %store/vec4 v0xba2cb12c0_0, 0, 1;
    %pushi/vec4 0, 0, 32;
    %store/vec4 v0xba2cb15e0_0, 0, 32;
    %pushi/vec4 0, 0, 32;
    %store/vec4 v0xba2cb0be0_0, 0, 32;
    %pushi/real 0, 4065; load=0.00000
    %store/real v0xba2cb0e60_0;
    %pushi/real 0, 4065; load=0.00000
    %store/real v0xba2cb1180_0;
    %pushi/real 0, 4065; load=0.00000
    %store/real v0xba2cb1360_0;
    %pushi/real 0, 4065; load=0.00000
    %store/real v0xba2cb0fa0_0;
    %pushi/real 0, 4065; load=0.00000
    %store/real v0xba2cb0960_0;
    %pushi/real 0, 4065; load=0.00000
    %store/real v0xba2cb0a00_0;
    %pushi/real 0, 4065; load=0.00000
    %store/real v0xba2cb0aa0_0;
    %vpi_func 2 134 "$fopen" 32, "fpga_parallel_pipeline_output.csv", "w" {0 0 0};
    %store/vec4 v0xba2cb0dc0_0, 0, 32;
    %vpi_call 2 139 "$fdisplay", v0xba2cb0dc0_0, "sample,time_s,x_in_V,d_in_V,y_out_V,e_out_V" {0 0 0};
    %pushi/vec4 20, 0, 32;
T_14.0 %dup/vec4;
    %cmpi/s 0, 0, 32;
    %jmp/1xz T_14.1, 5;
    %jmp/1 T_14.1, 4;
    %subi 1, 0, 32;
    %wait E_0xba2c67ec0;
    %jmp T_14.0;
T_14.1 ;
    %pop/vec4 1;
    %pushi/vec4 1, 0, 1;
    %store/vec4 v0xba2cb12c0_0, 0, 1;
    %wait E_0xba2c67ec0;
    %pushi/vec4 0, 0, 32;
    %store/vec4 v0xba2cb0f00_0, 0, 32;
T_14.2 ; Top of for-loop
    %load/vec4 v0xba2cb0f00_0;
    %cmpi/s 10000, 0, 32;
	  %jmp/0xz T_14.3, 5;
    %load/vec4 v0xba2cb0f00_0;
    %cvt/rv/s;
    %pushi/real 1759218604, 4052; load=0.000100000
    %pushi/real 1852205, 4030; load=0.000100000
    %add/wr;
    %mul/wr;
    %store/real v0xba2cb14a0_0;
    %pushi/real 1073741824, 4066; load=1.00000
    %pushi/real 1317679463, 4074; load=314.159
    %pushi/real 1393461, 4052; load=314.159
    %add/wr;
    %load/real v0xba2cb14a0_0;
    %mul/wr;
    %vpi_func/r 2 160 "$sin", W<0,r> {0 1 0};
    %mul/wr;
    %store/real v0xba2cb0820_0;
    %pushi/real 1073741824, 4065; load=0.500000
    %pushi/real 1317679463, 4076; load=1256.64
    %pushi/real 1393461, 4054; load=1256.64
    %add/wr;
    %load/real v0xba2cb14a0_0;
    %mul/wr;
    %vpi_func/r 2 165 "$sin", W<0,r> {0 1 0};
    %mul/wr;
    %store/real v0xba2cb1040_0;
    %load/real v0xba2cb0820_0;
    %load/real v0xba2cb1040_0;
    %add/wr;
    %store/real v0xba2cb10e0_0;
    %load/real v0xba2cb10e0_0;
    %store/real v0xba2cb0780_0;
    %callf/vec4 TD_lms_parallel_pipeline_tb.real_to_q16, S_0x104a4a270;
    %store/vec4 v0xba2cb15e0_0, 0, 32;
    %load/real v0xba2cb0820_0;
    %store/real v0xba2cb0780_0;
    %callf/vec4 TD_lms_parallel_pipeline_tb.real_to_q16, S_0x104a4a270;
    %store/vec4 v0xba2cb0be0_0, 0, 32;
    %wait E_0xba2c67ec0;
    %load/vec4 v0xba2cb0c80_0;
    %store/vec4 v0xba2cb0640_0, 0, 32;
    %callf/real TD_lms_parallel_pipeline_tb.q16_to_real, S_0x104a48450;
    %store/real v0xba2cb0d20_0;
    %load/real v0xba2cb0e60_0;
    %load/real v0xba2cb0d20_0;
    %load/real v0xba2cb0d20_0;
    %mul/wr;
    %add/wr;
    %store/real v0xba2cb0e60_0;
    %load/real v0xba2cb1180_0;
    %load/real v0xba2cb0d20_0;
    %cmp/wr;
    %jmp/0xz  T_14.5, 5;
    %load/real v0xba2cb0d20_0;
    %store/real v0xba2cb1180_0;
T_14.5 ;
    %load/real v0xba2cb1360_0;
    %load/real v0xba2cb0820_0;
    %load/real v0xba2cb0820_0;
    %mul/wr;
    %add/wr;
    %store/real v0xba2cb1360_0;
    %load/real v0xba2cb0fa0_0;
    %load/real v0xba2cb0820_0;
    %load/vec4 v0xba2cb1680_0;
    %store/vec4 v0xba2cb0640_0, 0, 32;
    %callf/real TD_lms_parallel_pipeline_tb.q16_to_real, S_0x104a48450;
    %sub/wr;
    %load/real v0xba2cb0820_0;
    %load/vec4 v0xba2cb1680_0;
    %store/vec4 v0xba2cb0640_0, 0, 32;
    %callf/real TD_lms_parallel_pipeline_tb.q16_to_real, S_0x104a48450;
    %sub/wr;
    %mul/wr;
    %add/wr;
    %store/real v0xba2cb0fa0_0;
    %load/real v0xba2cb0960_0;
    %load/real v0xba2cb0820_0;
    %load/vec4 v0xba2cb1680_0;
    %store/vec4 v0xba2cb0640_0, 0, 32;
    %callf/real TD_lms_parallel_pipeline_tb.q16_to_real, S_0x104a48450;
    %mul/wr;
    %add/wr;
    %store/real v0xba2cb0960_0;
    %load/real v0xba2cb0a00_0;
    %load/real v0xba2cb0820_0;
    %load/real v0xba2cb0820_0;
    %mul/wr;
    %add/wr;
    %store/real v0xba2cb0a00_0;
    %load/real v0xba2cb0aa0_0;
    %load/vec4 v0xba2cb1680_0;
    %store/vec4 v0xba2cb0640_0, 0, 32;
    %callf/real TD_lms_parallel_pipeline_tb.q16_to_real, S_0x104a48450;
    %load/vec4 v0xba2cb1680_0;
    %store/vec4 v0xba2cb0640_0, 0, 32;
    %callf/real TD_lms_parallel_pipeline_tb.q16_to_real, S_0x104a48450;
    %mul/wr;
    %add/wr;
    %store/real v0xba2cb0aa0_0;
    %load/vec4 v0xba2cb15e0_0;
    %store/vec4 v0xba2cb0640_0, 0, 32;
    %callf/real TD_lms_parallel_pipeline_tb.q16_to_real, S_0x104a48450;
    %load/vec4 v0xba2cb0be0_0;
    %store/vec4 v0xba2cb0640_0, 0, 32;
    %callf/real TD_lms_parallel_pipeline_tb.q16_to_real, S_0x104a48450;
    %load/vec4 v0xba2cb1680_0;
    %store/vec4 v0xba2cb0640_0, 0, 32;
    %callf/real TD_lms_parallel_pipeline_tb.q16_to_real, S_0x104a48450;
    %load/vec4 v0xba2cb0c80_0;
    %store/vec4 v0xba2cb0640_0, 0, 32;
    %callf/real TD_lms_parallel_pipeline_tb.q16_to_real, S_0x104a48450;
    %vpi_call 2 215 "$fdisplay", v0xba2cb0dc0_0, "%0d,%f,%f,%f,%f,%f", v0xba2cb0f00_0, v0xba2cb14a0_0, W<3,r>, W<2,r>, W<1,r>, W<0,r> {0 4 0};
T_14.4 ; for-loop step statement
    %load/vec4 v0xba2cb0f00_0;
    %addi 1, 0, 32;
    %store/vec4 v0xba2cb0f00_0, 0, 32;
    %jmp T_14.2;
T_14.3 ; for-loop exit label
    %load/real v0xba2cb0e60_0;
    %pushi/vec4 10000, 0, 32;
    %cvt/rv/s;
    %div/wr;
    %store/real v0xba2cb0e60_0;
    %vpi_func/r 2 230 "$sqrt", v0xba2cb0e60_0 {0 0 0};
    %store/real v0xba2cb1220_0;
    %pushi/real 1342177280, 4069; load=10.0000
    %load/real v0xba2cb1360_0;
    %load/real v0xba2cb0fa0_0;
    %div/wr;
    %vpi_func/r 2 232 "$log10", W<0,r> {0 1 0};
    %mul/wr;
    %store/real v0xba2cb1400_0;
    %load/real v0xba2cb0960_0;
    %vpi_func/r 2 234 "$sqrt", v0xba2cb0a00_0 {0 0 0};
    %vpi_func/r 2 234 "$sqrt", v0xba2cb0aa0_0 {0 0 0};
    %mul/wr;
    %div/wr;
    %store/real v0xba2cb0b40_0;
    %vpi_call 2 238 "$display", "\000" {0 0 0};
    %vpi_call 2 240 "$display", "=====================================" {0 0 0};
    %vpi_call 2 241 "$display", " FPGA PIPELINED PARALLEL LMS" {0 0 0};
    %vpi_call 2 242 "$display", "=====================================" {0 0 0};
    %vpi_call 2 244 "$display", "Total Samples      : %0d", P_0x104a38bc0 {0 0 0};
    %vpi_call 2 246 "$display", "Mean Square Error  : %f", v0xba2cb0e60_0 {0 0 0};
    %vpi_call 2 248 "$display", "RMS Error          : %f", v0xba2cb1220_0 {0 0 0};
    %vpi_call 2 250 "$display", "Peak Error         : %f", v0xba2cb1180_0 {0 0 0};
    %vpi_call 2 252 "$display", "=====================================" {0 0 0};
    %pushi/real 2104533975, 4065; load=0.980000
    %pushi/real 167772, 4043; load=0.980000
    %add/wr;
    %load/real v0xba2cb0b40_0;
    %cmp/wr;
    %jmp/0xz  T_14.7, 5;
    %vpi_call 2 257 "$display", "Excellent convergence achieved." {0 0 0};
    %jmp T_14.8;
T_14.7 ;
    %pushi/real 1932735283, 4065; load=0.900000
    %pushi/real 838861, 4043; load=0.900000
    %add/wr;
    %load/real v0xba2cb0b40_0;
    %cmp/wr;
    %jmp/0xz  T_14.9, 5;
    %vpi_call 2 260 "$display", "Good convergence achieved." {0 0 0};
    %jmp T_14.10;
T_14.9 ;
    %vpi_call 2 263 "$display", "Poor convergence." {0 0 0};
T_14.10 ;
T_14.8 ;
    %vpi_call 2 265 "$display", "=====================================" {0 0 0};
    %vpi_call 2 266 "$fclose", v0xba2cb0dc0_0 {0 0 0};
    %vpi_call 2 267 "$finish" {0 0 0};
    %end;
    .thread T_14;
# The file index is used to find the file name in the following table.
:file_names 4;
    "N/A";
    "<interactive>";
    "code_tb.v";
    "code.v";
